2021-08-04 12:23:30 -  - exec CUpdateClientPartner::__CollectRequestData
2021-08-04 12:23:30 -  - exec CUpdateClientPartner::GetHTTPPage
2021-08-04 12:23:31 -  - exec CUpdateClientPartner::ParseServerData
2021-08-04 12:23:31 -  - exec CUpdateClientPartner::GetUpdatesList
2021-08-04 12:23:31 -  - exec CUpdateClientPartner::__CollectRequestData
2021-08-04 12:23:31 -  - utf=Y&lang=ru&stable=Y&CANGZIP=Y&SUPD_DBS=MYSQL&XE=N&CLIENT_SITE=apilux.ru&LICENSE_KEY=X&SUPD_STS=1&SUPD_URS=0&SUPD_URSA=1&TYPENC=F&CLIENT_PHPVER=7.4.14&NGINX=Y&dbv=5.7.27&instm=main%2C20.200.300%2CN%3Bmessageservice%2C20.100.0%2CN%3Blanding%2C20.4.850%2CN%3Bb24connector%2C20.5.0%2CN%3Brest%2C20.50.150%2CN%3Bui%2C20.5.887%2CN%3Bsearch%2C20.5.0%2CN%3Bhighloadblock%2C20.100.0%2CN%3Bseo%2C20.0.400%2CN%3Bbitrix.sitecorporate%2C15.5.0%2CN%3Bbitrixcloud%2C20.5.0%2CN%3Biblock%2C20.0.1150%2CN%3Bfileman%2C20.5.0%2CN%3Bsocialservices%2C20.0.500%2CN%3Bclouds%2C20.100.0%2CN%3Bperfmon%2C20.100.0%2CN%3Btranslate%2C20.100.0%2CN&reqm=bitrix.sitecorporate&fullmoduleinfo=Y&SUPD_SRS=RU&SUPD_CMP=N
2021-08-04 12:23:31 -  - exec CUpdateClientPartner::GetHTTPPage
2021-08-04 12:23:31 -  - TIME GetUpdatesList(request) 0.21 sec
2021-08-04 12:23:31 -  - exec CUpdateClientPartner::ParseServerData
2021-08-04 12:23:31 -  - exec CUpdateClientPartner::__CollectRequestData
2021-08-04 12:23:31 -  - exec CUpdateClientPartner::GetHTTPPage
2021-08-04 12:23:31 -  - exec CUpdateClientPartner::ParseServerData
2021-08-15 14:01:33 -  - exec CUpdateClientPartner::__CollectRequestData
2021-08-15 14:01:33 -  - exec CUpdateClientPartner::GetHTTPPage
2021-08-15 14:01:34 -  - exec CUpdateClientPartner::ParseServerData
2021-08-15 14:01:34 -  - exec CUpdateClientPartner::GetUpdatesList
2021-08-15 14:01:34 -  - exec CUpdateClientPartner::__CollectRequestData
2021-08-15 14:01:34 -  - utf=Y&lang=ru&stable=Y&CANGZIP=Y&SUPD_DBS=MYSQL&XE=N&CLIENT_SITE=apilux.ru&LICENSE_KEY=X&SUPD_STS=1&SUPD_URS=0&SUPD_URSA=2&TYPENC=F&CLIENT_PHPVER=7.4.14&NGINX=Y&dbv=5.7.27&instm=main%2C20.200.300%2CN%3Bmessageservice%2C20.100.0%2CN%3Blanding%2C20.4.850%2CN%3Bb24connector%2C20.5.0%2CN%3Brest%2C20.50.150%2CN%3Bui%2C20.5.887%2CN%3Bsearch%2C20.5.0%2CN%3Bhighloadblock%2C20.100.0%2CN%3Bseo%2C20.0.400%2CN%3Bbitrix.sitecorporate%2C15.5.0%2CN%3Bbitrixcloud%2C20.5.0%2CN%3Biblock%2C20.0.1150%2CN%3Bfileman%2C20.5.0%2CN%3Bsocialservices%2C20.0.500%2CN%3Bclouds%2C20.100.0%2CN%3Bperfmon%2C20.100.0%2CN%3Btranslate%2C20.100.0%2CN&reqm=bitrix.sitecorporate&fullmoduleinfo=Y&SUPD_SRS=RU&SUPD_CMP=N
2021-08-15 14:01:34 -  - exec CUpdateClientPartner::GetHTTPPage
2021-08-15 14:01:34 -  - TIME GetUpdatesList(request) 0.212 sec
2021-08-15 14:01:34 -  - exec CUpdateClientPartner::ParseServerData
2021-08-15 14:01:34 -  - exec CUpdateClientPartner::__CollectRequestData
2021-08-15 14:01:34 -  - exec CUpdateClientPartner::GetHTTPPage
2021-08-15 14:01:34 -  - exec CUpdateClientPartner::ParseServerData
